[2025-11-23 13:08:43,310] DEBUG in __init__: Setting SQLALCHEMY_ENGINE_OPTIONS.connect_args.sslmode=require
[2025-11-23 13:08:43,980] DEBUG in __init__: Created endpoint alias: main.admin_dashboard -> admin_dashboard (path: /admin)
[2025-11-23 13:08:43,981] DEBUG in __init__: Created endpoint alias: main.brand -> brand (path: /brand)
[2025-11-23 13:08:43,982] DEBUG in __init__: Created endpoint alias: main.brand_detail -> brand_detail (path: /brand_detail)
[2025-11-23 13:08:43,982] DEBUG in __init__: Created endpoint alias: main.checkout -> checkout (path: /checkout)
[2025-11-23 13:08:43,983] DEBUG in __init__: Created endpoint alias: main.cart -> cart (path: /cart)
[2025-11-23 13:08:43,983] DEBUG in __init__: Created endpoint alias: main.forgot_password -> forgot_password (path: /forgot_password)
[2025-11-23 13:08:44,002] DEBUG in __init__: Created endpoint alias: main.login -> login (path: /api/auth/login)
[2025-11-23 13:08:44,003] DEBUG in __init__: Created endpoint alias: main.logout -> logout (path: /api/auth/logout)
[2025-11-23 13:08:44,003] DEBUG in __init__: Created endpoint alias: main.get_brands -> get_brands (path: /api/brands)
[2025-11-23 13:08:44,003] DEBUG in __init__: Created endpoint alias: main.add_brand -> add_brand (path: /api/brands)
[2025-11-23 13:08:44,004] DEBUG in __init__: Created endpoint alias: main.update_brand -> update_brand (path: /api/brands/<name>)
[2025-11-23 13:08:44,004] DEBUG in __init__: Created endpoint alias: main.delete_brand -> delete_brand (path: /api/brands/<name>)
[2025-11-23 13:08:44,004] DEBUG in __init__: Created endpoint alias: main.get_products -> get_products (path: /api/products)
[2025-11-23 13:08:44,005] DEBUG in __init__: Created endpoint alias: main.add_product -> add_product (path: /api/products)
[2025-11-23 13:08:44,005] DEBUG in __init__: Created endpoint alias: main.update_product -> update_product (path: /api/products/<id>)
[2025-11-23 13:08:44,006] DEBUG in __init__: Created endpoint alias: main.delete_product -> delete_product (path: /api/products/<id>)
[2025-11-23 13:08:44,006] DEBUG in __init__: Created endpoint alias: main.update_product_status -> update_product_status (path: /api/products/status/<id>)
[2025-11-23 13:08:44,006] DEBUG in __init__: Created endpoint alias: main.get_product_by_id -> get_product_by_id (path: /api/product_by_id)
[2025-11-23 13:08:44,006] DEBUG in __init__: Created endpoint alias: main.get_product_by_brand_query -> get_product_by_brand_query (path: /api/product)
[2025-11-23 13:08:44,007] DEBUG in __init__: Created endpoint alias: main.get_products_by_brand -> get_products_by_brand (path: /api/products/<brand>)
[2025-11-23 13:08:44,007] DEBUG in __init__: Created endpoint alias: main.get_product_detail -> get_product_detail (path: /api/products/<brand>/<product>)
[2025-11-23 13:08:44,007] DEBUG in __init__: Created endpoint alias: main.get_homepage_products -> get_homepage_products (path: /api/homepage-products)
[2025-11-23 13:08:44,008] DEBUG in __init__: Created endpoint alias: main.add_homepage_product -> add_homepage_product (path: /api/homepage-products)
[2025-11-23 13:08:44,008] DEBUG in __init__: Created endpoint alias: main.update_homepage_product -> update_homepage_product (path: /api/homepage-products/<int:homepage_id>)
[2025-11-23 13:08:44,008] DEBUG in __init__: Created endpoint alias: main.delete_homepage_product -> delete_homepage_product (path: /api/homepage-products/<int:homepage_id>)
[2025-11-23 13:08:44,008] DEBUG in __init__: Created endpoint alias: main.add_to_cart -> add_to_cart (path: /api/cart/add)
[2025-11-23 13:08:44,009] DEBUG in __init__: Created endpoint alias: main.log_order_attempt -> log_order_attempt (path: /api/order-attempts)
[2025-11-23 13:08:44,009] DEBUG in __init__: Created endpoint alias: main.get_similar_products -> get_similar_products (path: /api/products/similar)
[2025-11-23 13:08:44,009] DEBUG in __init__: Created endpoint alias: main.get_coupons -> get_coupons (path: /api/coupons)
[2025-11-23 13:08:44,010] DEBUG in __init__: Created endpoint alias: main.add_coupon -> add_coupon (path: /api/coupons)
[2025-11-23 13:08:44,010] DEBUG in __init__: Created endpoint alias: main.update_coupon -> update_coupon (path: /api/coupons/<code>)
[2025-11-23 13:08:44,011] DEBUG in __init__: Created endpoint alias: main.delete_coupon -> delete_coupon (path: /api/coupons/<code>)
[2025-11-23 13:08:44,011] DEBUG in __init__: Created endpoint alias: main.get_orders -> get_orders (path: /api/orders)
[2025-11-23 13:08:44,011] DEBUG in __init__: Created endpoint alias: main.add_order -> add_order (path: /api/orders)
[2025-11-23 13:08:44,012] DEBUG in __init__: Created endpoint alias: main.update_order -> update_order (path: /api/orders/<int:order_id>)
[2025-11-23 13:08:44,012] DEBUG in __init__: Created endpoint alias: main.delete_order -> delete_order (path: /api/orders/<int:order_id>)
[2025-11-23 13:08:44,012] DEBUG in __init__: Created endpoint alias: main.offers -> offers (path: /offers)
[2025-11-23 13:08:44,012] DEBUG in __init__: Created endpoint alias: main.index -> index (path: /)
[2025-11-23 13:08:44,013] DEBUG in __init__: Created endpoint alias: main.men -> men (path: /men)
[2025-11-23 13:08:44,013] DEBUG in __init__: Created endpoint alias: main.women -> women (path: /women)
[2025-11-23 13:08:44,013] DEBUG in __init__: Created endpoint alias: main.beauty -> beauty (path: /beauty)
[2025-11-23 13:08:44,014] DEBUG in __init__: Created endpoint alias: main.login_page -> login_page (path: /login)
[2025-11-23 13:08:44,014] DEBUG in __init__: Created endpoint alias: main.signup -> signup (path: /signup)
[2025-11-23 13:08:44,014] DEBUG in __init__: Created endpoint alias: main.brand_page -> brand_page (path: /brand/<brand>)
[2025-11-23 13:08:44,014] DEBUG in __init__: Created endpoint alias: main.brand_product_page -> brand_product_page (path: /brand/<brand>/product/<product>)
[2025-11-23 13:08:44,015] DEBUG in __init__: Created endpoint alias: main.story_detail_page -> story_detail_page (path: /story/<slug>)
[2025-11-23 13:08:44,015] DEBUG in __init__: Created endpoint alias: main.stories_index -> stories_index (path: /stories)
[2025-11-23 13:08:44,015] DEBUG in __init__: Created endpoint alias: main.history -> history (path: /history)
[2025-11-23 13:08:44,016] DEBUG in __init__: Created endpoint alias: main.about -> about (path: /about)
[2025-11-23 13:08:44,016] DEBUG in __init__: Created endpoint alias: main.favicon -> favicon (path: /favicon.ico)
[2025-11-23 13:08:45,478] DEBUG in __init__: Registered PayPal payments blueprint with prefix /paypal
[2025-11-23 13:08:45,565] DEBUG in __init__: Registered payments-admin blueprint with prefix /payments-admin
[2025-11-23 13:08:45,566] DEBUG in __init__: Database configured at: postgresql://wperfumes_zbnw_user:M3NuqINTvVPywCuemEmXnrqHjyOkTdek@dpg-d4h98lruibrs73df6geg-a.oregon-postgres.render.com/wperfumes_zbnw
[2025-11-23 13:08:45,567] DEBUG in __init__: Registered routes:
[2025-11-23 13:08:45,568] DEBUG in __init__: /static/<path:filename> -> methods=['GET', 'HEAD', 'OPTIONS']
[2025-11-23 13:08:45,568] DEBUG in __init__: /admin -> methods=['GET', 'HEAD', 'OPTIONS']
[2025-11-23 13:08:45,569] DEBUG in __init__: /brand -> methods=['GET', 'HEAD', 'OPTIONS']
[2025-11-23 13:08:45,569] DEBUG in __init__: /brand_detail -> methods=['GET', 'HEAD', 'OPTIONS']
[2025-11-23 13:08:45,569] DEBUG in __init__: /checkout -> methods=['GET', 'HEAD', 'OPTIONS']
[2025-11-23 13:08:45,570] DEBUG in __init__: /cart -> methods=['GET', 'HEAD', 'OPTIONS']
[2025-11-23 13:08:45,570] DEBUG in __init__: /forgot_password -> methods=['GET', 'HEAD', 'OPTIONS']
[2025-11-23 13:08:45,570] DEBUG in __init__: /api/auth/login -> methods=['OPTIONS', 'POST']
[2025-11-23 13:08:45,571] DEBUG in __init__: /api/auth/logout -> methods=['OPTIONS', 'POST']
[2025-11-23 13:08:45,571] DEBUG in __init__: /api/brands -> methods=['GET', 'HEAD', 'OPTIONS']
[2025-11-23 13:08:45,571] DEBUG in __init__: /api/brands -> methods=['OPTIONS', 'POST']
[2025-11-23 13:08:45,572] DEBUG in __init__: /api/brands/<name> -> methods=['OPTIONS', 'PUT']
[2025-11-23 13:08:45,572] DEBUG in __init__: /api/brands/<name> -> methods=['DELETE', 'OPTIONS']
[2025-11-23 13:08:45,573] DEBUG in __init__: /api/products -> methods=['GET', 'HEAD', 'OPTIONS']
[2025-11-23 13:08:45,573] DEBUG in __init__: /api/products -> methods=['OPTIONS', 'POST']
[2025-11-23 13:08:45,573] DEBUG in __init__: /api/products/<id> -> methods=['OPTIONS', 'PUT']
[2025-11-23 13:08:45,574] DEBUG in __init__: /api/products/<id> -> methods=['DELETE', 'OPTIONS']
[2025-11-23 13:08:45,574] DEBUG in __init__: /api/products/status/<id> -> methods=['OPTIONS', 'PUT']
[2025-11-23 13:08:45,574] DEBUG in __init__: /api/product_by_id -> methods=['GET', 'HEAD', 'OPTIONS']
[2025-11-23 13:08:45,575] DEBUG in __init__: /api/product -> methods=['GET', 'HEAD', 'OPTIONS']
[2025-11-23 13:08:45,578] DEBUG in __init__: /api/products/<brand> -> methods=['GET', 'HEAD', 'OPTIONS']
[2025-11-23 13:08:45,578] DEBUG in __init__: /api/products/<brand>/<product> -> methods=['GET', 'HEAD', 'OPTIONS']
[2025-11-23 13:08:45,578] DEBUG in __init__: /api/homepage-products -> methods=['GET', 'HEAD', 'OPTIONS']
[2025-11-23 13:08:45,579] DEBUG in __init__: /api/homepage-products -> methods=['OPTIONS', 'POST']
[2025-11-23 13:08:45,579] DEBUG in __init__: /api/homepage-products/<int:homepage_id> -> methods=['OPTIONS', 'PUT']
[2025-11-23 13:08:45,579] DEBUG in __init__: /api/homepage-products/<int:homepage_id> -> methods=['DELETE', 'OPTIONS']
[2025-11-23 13:08:45,580] DEBUG in __init__: /api/cart/add -> methods=['OPTIONS', 'POST']
[2025-11-23 13:08:45,580] DEBUG in __init__: /api/order-attempts -> methods=['OPTIONS', 'POST']
[2025-11-23 13:08:45,581] DEBUG in __init__: /api/products/similar -> methods=['GET', 'HEAD', 'OPTIONS']
[2025-11-23 13:08:45,581] DEBUG in __init__: /api/coupons -> methods=['GET', 'HEAD', 'OPTIONS']
[2025-11-23 13:08:45,581] DEBUG in __init__: /api/coupons -> methods=['OPTIONS', 'POST']
[2025-11-23 13:08:45,582] DEBUG in __init__: /api/coupons/<code> -> methods=['OPTIONS', 'PUT']
[2025-11-23 13:08:45,582] DEBUG in __init__: /api/coupons/<code> -> methods=['DELETE', 'OPTIONS']
[2025-11-23 13:08:45,582] DEBUG in __init__: /api/orders -> methods=['GET', 'HEAD', 'OPTIONS']
[2025-11-23 13:08:45,583] DEBUG in __init__: /api/orders -> methods=['OPTIONS', 'POST']
[2025-11-23 13:08:45,583] DEBUG in __init__: /api/orders/<int:order_id> -> methods=['OPTIONS', 'PUT']
[2025-11-23 13:08:45,583] DEBUG in __init__: /api/orders/<int:order_id> -> methods=['DELETE', 'OPTIONS']
[2025-11-23 13:08:45,584] DEBUG in __init__: /offers -> methods=['GET', 'HEAD', 'OPTIONS']
[2025-11-23 13:08:45,584] DEBUG in __init__: / -> methods=['GET', 'HEAD', 'OPTIONS']
[2025-11-23 13:08:45,584] DEBUG in __init__: /men -> methods=['GET', 'HEAD', 'OPTIONS']
[2025-11-23 13:08:45,584] DEBUG in __init__: /women -> methods=['GET', 'HEAD', 'OPTIONS']
[2025-11-23 13:08:45,585] DEBUG in __init__: /beauty -> methods=['GET', 'HEAD', 'OPTIONS']
[2025-11-23 13:08:45,585] DEBUG in __init__: /login -> methods=['GET', 'HEAD', 'OPTIONS']
[2025-11-23 13:08:45,585] DEBUG in __init__: /signup -> methods=['GET', 'HEAD', 'OPTIONS']
[2025-11-23 13:08:45,586] DEBUG in __init__: /brand/<brand> -> methods=['GET', 'HEAD', 'OPTIONS']
[2025-11-23 13:08:45,586] DEBUG in __init__: /brand/<brand>/product/<product> -> methods=['GET', 'HEAD', 'OPTIONS']
[2025-11-23 13:08:45,586] DEBUG in __init__: /story/<slug> -> methods=['GET', 'HEAD', 'OPTIONS']
[2025-11-23 13:08:45,587] DEBUG in __init__: /stories -> methods=['GET', 'HEAD', 'OPTIONS']
[2025-11-23 13:08:45,587] DEBUG in __init__: /history -> methods=['GET', 'HEAD', 'OPTIONS']
[2025-11-23 13:08:45,587] DEBUG in __init__: /about -> methods=['GET', 'HEAD', 'OPTIONS']
[2025-11-23 13:08:45,588] DEBUG in __init__: /favicon.ico -> methods=['GET', 'HEAD', 'OPTIONS']
[2025-11-23 13:08:45,588] DEBUG in __init__: /admin -> methods=['GET', 'HEAD', 'OPTIONS']
[2025-11-23 13:08:45,588] DEBUG in __init__: /brand -> methods=['GET', 'HEAD', 'OPTIONS']
[2025-11-23 13:08:45,589] DEBUG in __init__: /brand_detail -> methods=['GET', 'HEAD', 'OPTIONS']
[2025-11-23 13:08:45,589] DEBUG in __init__: /checkout -> methods=['GET', 'HEAD', 'OPTIONS']
[2025-11-23 13:08:45,589] DEBUG in __init__: /cart -> methods=['GET', 'HEAD', 'OPTIONS']
[2025-11-23 13:08:45,590] DEBUG in __init__: /forgot_password -> methods=['GET', 'HEAD', 'OPTIONS']
[2025-11-23 13:08:45,590] DEBUG in __init__: /api/auth/login -> methods=['OPTIONS', 'POST']
[2025-11-23 13:08:45,590] DEBUG in __init__: /api/auth/logout -> methods=['OPTIONS', 'POST']
[2025-11-23 13:08:45,593] DEBUG in __init__: /api/brands -> methods=['GET', 'HEAD', 'OPTIONS']
[2025-11-23 13:08:45,593] DEBUG in __init__: /api/brands -> methods=['OPTIONS', 'POST']
[2025-11-23 13:08:45,593] DEBUG in __init__: /api/brands/<name> -> methods=['OPTIONS', 'PUT']
[2025-11-23 13:08:45,594] DEBUG in __init__: /api/brands/<name> -> methods=['DELETE', 'OPTIONS']
[2025-11-23 13:08:45,594] DEBUG in __init__: /api/products -> methods=['GET', 'HEAD', 'OPTIONS']
[2025-11-23 13:08:45,594] DEBUG in __init__: /api/products -> methods=['OPTIONS', 'POST']
[2025-11-23 13:08:45,595] DEBUG in __init__: /api/products/<id> -> methods=['OPTIONS', 'PUT']
[2025-11-23 13:08:45,595] DEBUG in __init__: /api/products/<id> -> methods=['DELETE', 'OPTIONS']
[2025-11-23 13:08:45,595] DEBUG in __init__: /api/products/status/<id> -> methods=['OPTIONS', 'PUT']
[2025-11-23 13:08:45,596] DEBUG in __init__: /api/product_by_id -> methods=['GET', 'HEAD', 'OPTIONS']
[2025-11-23 13:08:45,597] DEBUG in __init__: /api/product -> methods=['GET', 'HEAD', 'OPTIONS']
[2025-11-23 13:08:45,598] DEBUG in __init__: /api/products/<brand> -> methods=['GET', 'HEAD', 'OPTIONS']
[2025-11-23 13:08:45,598] DEBUG in __init__: /api/products/<brand>/<product> -> methods=['GET', 'HEAD', 'OPTIONS']
[2025-11-23 13:08:45,598] DEBUG in __init__: /api/homepage-products -> methods=['GET', 'HEAD', 'OPTIONS']
[2025-11-23 13:08:45,599] DEBUG in __init__: /api/homepage-products -> methods=['OPTIONS', 'POST']
[2025-11-23 13:08:45,599] DEBUG in __init__: /api/homepage-products/<int:homepage_id> -> methods=['OPTIONS', 'PUT']
[2025-11-23 13:08:45,600] DEBUG in __init__: /api/homepage-products/<int:homepage_id> -> methods=['DELETE', 'OPTIONS']
[2025-11-23 13:08:45,600] DEBUG in __init__: /api/cart/add -> methods=['OPTIONS', 'POST']
[2025-11-23 13:08:45,601] DEBUG in __init__: /api/order-attempts -> methods=['OPTIONS', 'POST']
[2025-11-23 13:08:45,601] DEBUG in __init__: /api/products/similar -> methods=['GET', 'HEAD', 'OPTIONS']
[2025-11-23 13:08:45,601] DEBUG in __init__: /api/coupons -> methods=['GET', 'HEAD', 'OPTIONS']
[2025-11-23 13:08:45,605] DEBUG in __init__: /api/coupons -> methods=['OPTIONS', 'POST']
[2025-11-23 13:08:45,605] DEBUG in __init__: /api/coupons/<code> -> methods=['OPTIONS', 'PUT']
[2025-11-23 13:08:45,606] DEBUG in __init__: /api/coupons/<code> -> methods=['DELETE', 'OPTIONS']
[2025-11-23 13:08:45,606] DEBUG in __init__: /api/orders -> methods=['GET', 'HEAD', 'OPTIONS']
[2025-11-23 13:08:45,607] DEBUG in __init__: /api/orders -> methods=['OPTIONS', 'POST']
[2025-11-23 13:08:45,607] DEBUG in __init__: /api/orders/<int:order_id> -> methods=['OPTIONS', 'PUT']
[2025-11-23 13:08:45,608] DEBUG in __init__: /api/orders/<int:order_id> -> methods=['DELETE', 'OPTIONS']
[2025-11-23 13:08:45,608] DEBUG in __init__: /offers -> methods=['GET', 'HEAD', 'OPTIONS']
[2025-11-23 13:08:45,608] DEBUG in __init__: / -> methods=['GET', 'HEAD', 'OPTIONS']
[2025-11-23 13:08:45,609] DEBUG in __init__: /men -> methods=['GET', 'HEAD', 'OPTIONS']
[2025-11-23 13:08:45,609] DEBUG in __init__: /women -> methods=['GET', 'HEAD', 'OPTIONS']
[2025-11-23 13:08:45,609] DEBUG in __init__: /beauty -> methods=['GET', 'HEAD', 'OPTIONS']
[2025-11-23 13:08:45,610] DEBUG in __init__: /login -> methods=['GET', 'HEAD', 'OPTIONS']
[2025-11-23 13:08:45,610] DEBUG in __init__: /signup -> methods=['GET', 'HEAD', 'OPTIONS']
[2025-11-23 13:08:45,610] DEBUG in __init__: /brand/<brand> -> methods=['GET', 'HEAD', 'OPTIONS']
[2025-11-23 13:08:45,611] DEBUG in __init__: /brand/<brand>/product/<product> -> methods=['GET', 'HEAD', 'OPTIONS']
[2025-11-23 13:08:45,611] DEBUG in __init__: /story/<slug> -> methods=['GET', 'HEAD', 'OPTIONS']
[2025-11-23 13:08:45,612] DEBUG in __init__: /stories -> methods=['GET', 'HEAD', 'OPTIONS']
[2025-11-23 13:08:45,612] DEBUG in __init__: /history -> methods=['GET', 'HEAD', 'OPTIONS']
[2025-11-23 13:08:45,612] DEBUG in __init__: /about -> methods=['GET', 'HEAD', 'OPTIONS']
[2025-11-23 13:08:45,613] DEBUG in __init__: /favicon.ico -> methods=['GET', 'HEAD', 'OPTIONS']
[2025-11-23 13:08:45,613] DEBUG in __init__: /api/settings/checkout_discount -> methods=['GET', 'HEAD', 'OPTIONS']
[2025-11-23 13:08:45,614] DEBUG in __init__: /api/settings/checkout_discount -> methods=['OPTIONS', 'PUT']
[2025-11-23 13:08:45,614] DEBUG in __init__: /api/settings/price_comparison -> methods=['GET', 'HEAD', 'OPTIONS']
[2025-11-23 13:08:45,614] DEBUG in __init__: /api/settings/price_comparison -> methods=['OPTIONS', 'PUT']
[2025-11-23 13:08:45,615] DEBUG in __init__: /api/settings/price_comparison/push -> methods=['OPTIONS', 'POST']
[2025-11-23 13:08:45,615] DEBUG in __init__: /api/top-picks -> methods=['GET', 'HEAD', 'OPTIONS']
[2025-11-23 13:08:45,615] DEBUG in __init__: /api/top-picks -> methods=['OPTIONS', 'POST']
[2025-11-23 13:08:45,616] DEBUG in __init__: /api/top-picks/<tp_id> -> methods=['GET', 'HEAD', 'OPTIONS']
[2025-11-23 13:08:45,616] DEBUG in __init__: /api/top-picks/<tp_id> -> methods=['OPTIONS', 'PUT']
[2025-11-23 13:08:45,617] DEBUG in __init__: /api/top-picks/<tp_id> -> methods=['DELETE', 'OPTIONS']
[2025-11-23 13:08:45,617] DEBUG in __init__: /api/top-picks/<tp_id>/push -> methods=['OPTIONS', 'POST']
[2025-11-23 13:08:45,618] DEBUG in __init__: /content-api/pages/<slug> -> methods=['GET', 'HEAD', 'OPTIONS']
[2025-11-23 13:08:45,618] DEBUG in __init__: /content-api/stories -> methods=['GET', 'HEAD', 'OPTIONS']
[2025-11-23 13:08:45,618] DEBUG in __init__: /content-api/stories/<slug> -> methods=['GET', 'HEAD', 'OPTIONS']
[2025-11-23 13:08:45,619] DEBUG in __init__: /content-api/admin/stories -> methods=['GET', 'HEAD', 'OPTIONS']
[2025-11-23 13:08:45,619] DEBUG in __init__: /content-api/admin/stories -> methods=['OPTIONS', 'POST']
[2025-11-23 13:08:45,619] DEBUG in __init__: /content-api/admin/stories/<int:story_id> -> methods=['OPTIONS', 'PUT']
[2025-11-23 13:08:45,619] DEBUG in __init__: /content-api/admin/stories/<int:story_id> -> methods=['DELETE', 'OPTIONS']
[2025-11-23 13:08:45,620] DEBUG in __init__: /content-api/admin/stories/<int:story_id>/publish -> methods=['OPTIONS', 'POST']
[2025-11-23 13:08:45,622] DEBUG in __init__: /content-api/admin/stories/reorder -> methods=['OPTIONS', 'POST']
[2025-11-23 13:08:45,623] DEBUG in __init__: /content-api/admin/upload-image -> methods=['OPTIONS', 'POST']
[2025-11-23 13:08:45,623] DEBUG in __init__: /content-api/admin -> methods=['GET', 'HEAD', 'OPTIONS']
[2025-11-23 13:08:45,623] DEBUG in __init__: /content-admin -> methods=['GET', 'HEAD', 'OPTIONS']
[2025-11-23 13:08:45,624] DEBUG in __init__: /api/search -> methods=['GET', 'HEAD', 'OPTIONS']
[2025-11-23 13:08:45,624] DEBUG in __init__: /price-comparison/<product_id> -> methods=['GET', 'HEAD', 'OPTIONS']
[2025-11-23 13:08:45,624] DEBUG in __init__: /price-comparison -> methods=['GET', 'HEAD', 'OPTIONS']
[2025-11-23 13:08:45,625] DEBUG in __init__: /api/price-compare -> methods=['GET', 'HEAD', 'OPTIONS']
[2025-11-23 13:08:45,625] DEBUG in __init__: /paypal/client-config -> methods=['GET', 'HEAD', 'OPTIONS']
[2025-11-23 13:08:45,625] DEBUG in __init__: /paypal/create-paypal-order -> methods=['OPTIONS', 'POST']
[2025-11-23 13:08:45,626] DEBUG in __init__: /paypal/capture-paypal-order -> methods=['OPTIONS', 'POST']
[2025-11-23 13:08:45,626] DEBUG in __init__: /paypal/return -> methods=['GET', 'HEAD', 'OPTIONS']
[2025-11-23 13:08:45,626] DEBUG in __init__: /paypal/cancel -> methods=['GET', 'HEAD', 'OPTIONS']
[2025-11-23 13:08:45,627] DEBUG in __init__: /paypal/webhook -> methods=['OPTIONS', 'POST']
[2025-11-23 13:08:45,627] DEBUG in __init__: /payments-admin/ -> methods=['GET', 'HEAD', 'OPTIONS']
[2025-11-23 13:08:45,628] DEBUG in __init__: /payments-admin/manage-users -> methods=['GET', 'HEAD', 'OPTIONS']
[2025-11-23 13:08:45,628] DEBUG in __init__: /payments-admin/api/manage-users -> methods=['GET', 'HEAD', 'OPTIONS']
[2025-11-23 13:08:45,629] DEBUG in __init__: /payments-admin/api/manage-users -> methods=['OPTIONS', 'POST']
[2025-11-23 13:08:45,629] DEBUG in __init__: /payments-admin/api/payments -> methods=['GET', 'HEAD', 'OPTIONS']
[2025-11-23 13:08:45,630] DEBUG in __init__: /payments-admin/api/payments/<int:payment_id> -> methods=['GET', 'HEAD', 'OPTIONS']
[2025-11-23 13:08:45,631] DEBUG in __init__: /payments-admin/api/payments/<int:payment_id>/refund -> methods=['OPTIONS', 'POST']
 * Serving Flask app 'app'
 * Debug mode: on
WARNING: This is a development server. Do not use it in a production deployment. Use a production WSGI server instead.
 * Running on all addresses (0.0.0.0)
 * Running on http://127.0.0.1:5000
 * Running on http://10.107.155.139:5000
Press CTRL+C to quit
 * Restarting with stat
[2025-11-23 13:08:55,104] DEBUG in __init__: Setting SQLALCHEMY_ENGINE_OPTIONS.connect_args.sslmode=require
[2025-11-23 13:08:55,618] DEBUG in __init__: Created endpoint alias: main.admin_dashboard -> admin_dashboard (path: /admin)
[2025-11-23 13:08:55,619] DEBUG in __init__: Created endpoint alias: main.brand -> brand (path: /brand)
[2025-11-23 13:08:55,619] DEBUG in __init__: Created endpoint alias: main.brand_detail -> brand_detail (path: /brand_detail)
[2025-11-23 13:08:55,620] DEBUG in __init__: Created endpoint alias: main.checkout -> checkout (path: /checkout)
[2025-11-23 13:08:55,620] DEBUG in __init__: Created endpoint alias: main.cart -> cart (path: /cart)
[2025-11-23 13:08:55,620] DEBUG in __init__: Created endpoint alias: main.forgot_password -> forgot_password (path: /forgot_password)
[2025-11-23 13:08:55,620] DEBUG in __init__: Created endpoint alias: main.login -> login (path: /api/auth/login)
[2025-11-23 13:08:55,621] DEBUG in __init__: Created endpoint alias: main.logout -> logout (path: /api/auth/logout)
[2025-11-23 13:08:55,621] DEBUG in __init__: Created endpoint alias: main.get_brands -> get_brands (path: /api/brands)
[2025-11-23 13:08:55,621] DEBUG in __init__: Created endpoint alias: main.add_brand -> add_brand (path: /api/brands)
[2025-11-23 13:08:55,622] DEBUG in __init__: Created endpoint alias: main.update_brand -> update_brand (path: /api/brands/<name>)
[2025-11-23 13:08:55,622] DEBUG in __init__: Created endpoint alias: main.delete_brand -> delete_brand (path: /api/brands/<name>)
[2025-11-23 13:08:55,622] DEBUG in __init__: Created endpoint alias: main.get_products -> get_products (path: /api/products)
[2025-11-23 13:08:55,623] DEBUG in __init__: Created endpoint alias: main.add_product -> add_product (path: /api/products)
[2025-11-23 13:08:55,623] DEBUG in __init__: Created endpoint alias: main.update_product -> update_product (path: /api/products/<id>)
[2025-11-23 13:08:55,623] DEBUG in __init__: Created endpoint alias: main.delete_product -> delete_product (path: /api/products/<id>)
[2025-11-23 13:08:55,623] DEBUG in __init__: Created endpoint alias: main.update_product_status -> update_product_status (path: /api/products/status/<id>)
[2025-11-23 13:08:55,624] DEBUG in __init__: Created endpoint alias: main.get_product_by_id -> get_product_by_id (path: /api/product_by_id)
[2025-11-23 13:08:55,624] DEBUG in __init__: Created endpoint alias: main.get_product_by_brand_query -> get_product_by_brand_query (path: /api/product)
[2025-11-23 13:08:55,624] DEBUG in __init__: Created endpoint alias: main.get_products_by_brand -> get_products_by_brand (path: /api/products/<brand>)
[2025-11-23 13:08:55,625] DEBUG in __init__: Created endpoint alias: main.get_product_detail -> get_product_detail (path: /api/products/<brand>/<product>)
[2025-11-23 13:08:55,625] DEBUG in __init__: Created endpoint alias: main.get_homepage_products -> get_homepage_products (path: /api/homepage-products)
[2025-11-23 13:08:55,626] DEBUG in __init__: Created endpoint alias: main.add_homepage_product -> add_homepage_product (path: /api/homepage-products)
[2025-11-23 13:08:55,626] DEBUG in __init__: Created endpoint alias: main.update_homepage_product -> update_homepage_product (path: /api/homepage-products/<int:homepage_id>)
[2025-11-23 13:08:55,626] DEBUG in __init__: Created endpoint alias: main.delete_homepage_product -> delete_homepage_product (path: /api/homepage-products/<int:homepage_id>)
[2025-11-23 13:08:55,627] DEBUG in __init__: Created endpoint alias: main.add_to_cart -> add_to_cart (path: /api/cart/add)
[2025-11-23 13:08:55,627] DEBUG in __init__: Created endpoint alias: main.log_order_attempt -> log_order_attempt (path: /api/order-attempts)
[2025-11-23 13:08:55,627] DEBUG in __init__: Created endpoint alias: main.get_similar_products -> get_similar_products (path: /api/products/similar)
[2025-11-23 13:08:55,628] DEBUG in __init__: Created endpoint alias: main.get_coupons -> get_coupons (path: /api/coupons)
[2025-11-23 13:08:55,628] DEBUG in __init__: Created endpoint alias: main.add_coupon -> add_coupon (path: /api/coupons)
[2025-11-23 13:08:55,628] DEBUG in __init__: Created endpoint alias: main.update_coupon -> update_coupon (path: /api/coupons/<code>)
[2025-11-23 13:08:55,629] DEBUG in __init__: Created endpoint alias: main.delete_coupon -> delete_coupon (path: /api/coupons/<code>)
[2025-11-23 13:08:55,629] DEBUG in __init__: Created endpoint alias: main.get_orders -> get_orders (path: /api/orders)
[2025-11-23 13:08:55,629] DEBUG in __init__: Created endpoint alias: main.add_order -> add_order (path: /api/orders)
[2025-11-23 13:08:55,629] DEBUG in __init__: Created endpoint alias: main.update_order -> update_order (path: /api/orders/<int:order_id>)
[2025-11-23 13:08:55,630] DEBUG in __init__: Created endpoint alias: main.delete_order -> delete_order (path: /api/orders/<int:order_id>)
[2025-11-23 13:08:55,630] DEBUG in __init__: Created endpoint alias: main.offers -> offers (path: /offers)
[2025-11-23 13:08:55,630] DEBUG in __init__: Created endpoint alias: main.index -> index (path: /)
[2025-11-23 13:08:55,631] DEBUG in __init__: Created endpoint alias: main.men -> men (path: /men)
[2025-11-23 13:08:55,631] DEBUG in __init__: Created endpoint alias: main.women -> women (path: /women)
[2025-11-23 13:08:55,631] DEBUG in __init__: Created endpoint alias: main.beauty -> beauty (path: /beauty)
[2025-11-23 13:08:55,632] DEBUG in __init__: Created endpoint alias: main.login_page -> login_page (path: /login)
[2025-11-23 13:08:55,632] DEBUG in __init__: Created endpoint alias: main.signup -> signup (path: /signup)
[2025-11-23 13:08:55,632] DEBUG in __init__: Created endpoint alias: main.brand_page -> brand_page (path: /brand/<brand>)
[2025-11-23 13:08:55,632] DEBUG in __init__: Created endpoint alias: main.brand_product_page -> brand_product_page (path: /brand/<brand>/product/<product>)
[2025-11-23 13:08:55,633] DEBUG in __init__: Created endpoint alias: main.story_detail_page -> story_detail_page (path: /story/<slug>)
[2025-11-23 13:08:55,633] DEBUG in __init__: Created endpoint alias: main.stories_index -> stories_index (path: /stories)
[2025-11-23 13:08:55,633] DEBUG in __init__: Created endpoint alias: main.history -> history (path: /history)
[2025-11-23 13:08:55,634] DEBUG in __init__: Created endpoint alias: main.about -> about (path: /about)
[2025-11-23 13:08:55,634] DEBUG in __init__: Created endpoint alias: main.favicon -> favicon (path: /favicon.ico)
[2025-11-23 13:08:56,245] DEBUG in __init__: Registered PayPal payments blueprint with prefix /paypal
[2025-11-23 13:08:56,267] DEBUG in __init__: Registered payments-admin blueprint with prefix /payments-admin
[2025-11-23 13:08:56,268] DEBUG in __init__: Database configured at: postgresql://wperfumes_zbnw_user:M3NuqINTvVPywCuemEmXnrqHjyOkTdek@dpg-d4h98lruibrs73df6geg-a.oregon-postgres.render.com/wperfumes_zbnw
[2025-11-23 13:08:56,268] DEBUG in __init__: Registered routes:
[2025-11-23 13:08:56,269] DEBUG in __init__: /static/<path:filename> -> methods=['GET', 'HEAD', 'OPTIONS']
[2025-11-23 13:08:56,270] DEBUG in __init__: /admin -> methods=['GET', 'HEAD', 'OPTIONS']
[2025-11-23 13:08:56,270] DEBUG in __init__: /brand -> methods=['GET', 'HEAD', 'OPTIONS']
[2025-11-23 13:08:56,271] DEBUG in __init__: /brand_detail -> methods=['GET', 'HEAD', 'OPTIONS']
[2025-11-23 13:08:56,271] DEBUG in __init__: /checkout -> methods=['GET', 'HEAD', 'OPTIONS']
[2025-11-23 13:08:56,271] DEBUG in __init__: /cart -> methods=['GET', 'HEAD', 'OPTIONS']
[2025-11-23 13:08:56,272] DEBUG in __init__: /forgot_password -> methods=['GET', 'HEAD', 'OPTIONS']
[2025-11-23 13:08:56,272] DEBUG in __init__: /api/auth/login -> methods=['OPTIONS', 'POST']
[2025-11-23 13:08:56,272] DEBUG in __init__: /api/auth/logout -> methods=['OPTIONS', 'POST']
[2025-11-23 13:08:56,272] DEBUG in __init__: /api/brands -> methods=['GET', 'HEAD', 'OPTIONS']
[2025-11-23 13:08:56,273] DEBUG in __init__: /api/brands -> methods=['OPTIONS', 'POST']
[2025-11-23 13:08:56,273] DEBUG in __init__: /api/brands/<name> -> methods=['OPTIONS', 'PUT']
[2025-11-23 13:08:56,273] DEBUG in __init__: /api/brands/<name> -> methods=['DELETE', 'OPTIONS']
[2025-11-23 13:08:56,274] DEBUG in __init__: /api/products -> methods=['GET', 'HEAD', 'OPTIONS']
[2025-11-23 13:08:56,274] DEBUG in __init__: /api/products -> methods=['OPTIONS', 'POST']
[2025-11-23 13:08:56,275] DEBUG in __init__: /api/products/<id> -> methods=['OPTIONS', 'PUT']
[2025-11-23 13:08:56,275] DEBUG in __init__: /api/products/<id> -> methods=['DELETE', 'OPTIONS']
[2025-11-23 13:08:56,276] DEBUG in __init__: /api/products/status/<id> -> methods=['OPTIONS', 'PUT']
[2025-11-23 13:08:56,276] DEBUG in __init__: /api/product_by_id -> methods=['GET', 'HEAD', 'OPTIONS']
[2025-11-23 13:08:56,277] DEBUG in __init__: /api/product -> methods=['GET', 'HEAD', 'OPTIONS']
[2025-11-23 13:08:56,277] DEBUG in __init__: /api/products/<brand> -> methods=['GET', 'HEAD', 'OPTIONS']
[2025-11-23 13:08:56,277] DEBUG in __init__: /api/products/<brand>/<product> -> methods=['GET', 'HEAD', 'OPTIONS']
[2025-11-23 13:08:56,278] DEBUG in __init__: /api/homepage-products -> methods=['GET', 'HEAD', 'OPTIONS']
[2025-11-23 13:08:56,278] DEBUG in __init__: /api/homepage-products -> methods=['OPTIONS', 'POST']
[2025-11-23 13:08:56,278] DEBUG in __init__: /api/homepage-products/<int:homepage_id> -> methods=['OPTIONS', 'PUT']
[2025-11-23 13:08:56,279] DEBUG in __init__: /api/homepage-products/<int:homepage_id> -> methods=['DELETE', 'OPTIONS']
[2025-11-23 13:08:56,279] DEBUG in __init__: /api/cart/add -> methods=['OPTIONS', 'POST']
[2025-11-23 13:08:56,279] DEBUG in __init__: /api/order-attempts -> methods=['OPTIONS', 'POST']
[2025-11-23 13:08:56,279] DEBUG in __init__: /api/products/similar -> methods=['GET', 'HEAD', 'OPTIONS']
[2025-11-23 13:08:56,280] DEBUG in __init__: /api/coupons -> methods=['GET', 'HEAD', 'OPTIONS']
[2025-11-23 13:08:56,280] DEBUG in __init__: /api/coupons -> methods=['OPTIONS', 'POST']
[2025-11-23 13:08:56,280] DEBUG in __init__: /api/coupons/<code> -> methods=['OPTIONS', 'PUT']
[2025-11-23 13:08:56,281] DEBUG in __init__: /api/coupons/<code> -> methods=['DELETE', 'OPTIONS']
[2025-11-23 13:08:56,281] DEBUG in __init__: /api/orders -> methods=['GET', 'HEAD', 'OPTIONS']
[2025-11-23 13:08:56,281] DEBUG in __init__: /api/orders -> methods=['OPTIONS', 'POST']
[2025-11-23 13:08:56,282] DEBUG in __init__: /api/orders/<int:order_id> -> methods=['OPTIONS', 'PUT']
[2025-11-23 13:08:56,282] DEBUG in __init__: /api/orders/<int:order_id> -> methods=['DELETE', 'OPTIONS']
[2025-11-23 13:08:56,282] DEBUG in __init__: /offers -> methods=['GET', 'HEAD', 'OPTIONS']
[2025-11-23 13:08:56,283] DEBUG in __init__: / -> methods=['GET', 'HEAD', 'OPTIONS']
[2025-11-23 13:08:56,283] DEBUG in __init__: /men -> methods=['GET', 'HEAD', 'OPTIONS']
[2025-11-23 13:08:56,283] DEBUG in __init__: /women -> methods=['GET', 'HEAD', 'OPTIONS']
[2025-11-23 13:08:56,284] DEBUG in __init__: /beauty -> methods=['GET', 'HEAD', 'OPTIONS']
[2025-11-23 13:08:56,284] DEBUG in __init__: /login -> methods=['GET', 'HEAD', 'OPTIONS']
[2025-11-23 13:08:56,284] DEBUG in __init__: /signup -> methods=['GET', 'HEAD', 'OPTIONS']
[2025-11-23 13:08:56,285] DEBUG in __init__: /brand/<brand> -> methods=['GET', 'HEAD', 'OPTIONS']
[2025-11-23 13:08:56,285] DEBUG in __init__: /brand/<brand>/product/<product> -> methods=['GET', 'HEAD', 'OPTIONS']
[2025-11-23 13:08:56,286] DEBUG in __init__: /story/<slug> -> methods=['GET', 'HEAD', 'OPTIONS']
[2025-11-23 13:08:56,286] DEBUG in __init__: /stories -> methods=['GET', 'HEAD', 'OPTIONS']
[2025-11-23 13:08:56,286] DEBUG in __init__: /history -> methods=['GET', 'HEAD', 'OPTIONS']
[2025-11-23 13:08:56,287] DEBUG in __init__: /about -> methods=['GET', 'HEAD', 'OPTIONS']
[2025-11-23 13:08:56,287] DEBUG in __init__: /favicon.ico -> methods=['GET', 'HEAD', 'OPTIONS']
[2025-11-23 13:08:56,287] DEBUG in __init__: /admin -> methods=['GET', 'HEAD', 'OPTIONS']
[2025-11-23 13:08:56,288] DEBUG in __init__: /brand -> methods=['GET', 'HEAD', 'OPTIONS']
[2025-11-23 13:08:56,288] DEBUG in __init__: /brand_detail -> methods=['GET', 'HEAD', 'OPTIONS']
[2025-11-23 13:08:56,288] DEBUG in __init__: /checkout -> methods=['GET', 'HEAD', 'OPTIONS']
[2025-11-23 13:08:56,289] DEBUG in __init__: /cart -> methods=['GET', 'HEAD', 'OPTIONS']
[2025-11-23 13:08:56,289] DEBUG in __init__: /forgot_password -> methods=['GET', 'HEAD', 'OPTIONS']
[2025-11-23 13:08:56,289] DEBUG in __init__: /api/auth/login -> methods=['OPTIONS', 'POST']
[2025-11-23 13:08:56,290] DEBUG in __init__: /api/auth/logout -> methods=['OPTIONS', 'POST']
[2025-11-23 13:08:56,290] DEBUG in __init__: /api/brands -> methods=['GET', 'HEAD', 'OPTIONS']
[2025-11-23 13:08:56,290] DEBUG in __init__: /api/brands -> methods=['OPTIONS', 'POST']
[2025-11-23 13:08:56,290] DEBUG in __init__: /api/brands/<name> -> methods=['OPTIONS', 'PUT']
[2025-11-23 13:08:56,291] DEBUG in __init__: /api/brands/<name> -> methods=['DELETE', 'OPTIONS']
[2025-11-23 13:08:56,291] DEBUG in __init__: /api/products -> methods=['GET', 'HEAD', 'OPTIONS']
[2025-11-23 13:08:56,292] DEBUG in __init__: /api/products -> methods=['OPTIONS', 'POST']
[2025-11-23 13:08:56,292] DEBUG in __init__: /api/products/<id> -> methods=['OPTIONS', 'PUT']
[2025-11-23 13:08:56,292] DEBUG in __init__: /api/products/<id> -> methods=['DELETE', 'OPTIONS']
[2025-11-23 13:08:56,293] DEBUG in __init__: /api/products/status/<id> -> methods=['OPTIONS', 'PUT']
[2025-11-23 13:08:56,293] DEBUG in __init__: /api/product_by_id -> methods=['GET', 'HEAD', 'OPTIONS']
[2025-11-23 13:08:56,294] DEBUG in __init__: /api/product -> methods=['GET', 'HEAD', 'OPTIONS']
[2025-11-23 13:08:56,294] DEBUG in __init__: /api/products/<brand> -> methods=['GET', 'HEAD', 'OPTIONS']
[2025-11-23 13:08:56,295] DEBUG in __init__: /api/products/<brand>/<product> -> methods=['GET', 'HEAD', 'OPTIONS']
[2025-11-23 13:08:56,295] DEBUG in __init__: /api/homepage-products -> methods=['GET', 'HEAD', 'OPTIONS']
[2025-11-23 13:08:56,295] DEBUG in __init__: /api/homepage-products -> methods=['OPTIONS', 'POST']
[2025-11-23 13:08:56,296] DEBUG in __init__: /api/homepage-products/<int:homepage_id> -> methods=['OPTIONS', 'PUT']
[2025-11-23 13:08:56,296] DEBUG in __init__: /api/homepage-products/<int:homepage_id> -> methods=['DELETE', 'OPTIONS']
[2025-11-23 13:08:56,296] DEBUG in __init__: /api/cart/add -> methods=['OPTIONS', 'POST']
[2025-11-23 13:08:56,297] DEBUG in __init__: /api/order-attempts -> methods=['OPTIONS', 'POST']
[2025-11-23 13:08:56,297] DEBUG in __init__: /api/products/similar -> methods=['GET', 'HEAD', 'OPTIONS']
[2025-11-23 13:08:56,297] DEBUG in __init__: /api/coupons -> methods=['GET', 'HEAD', 'OPTIONS']
[2025-11-23 13:08:56,298] DEBUG in __init__: /api/coupons -> methods=['OPTIONS', 'POST']
[2025-11-23 13:08:56,298] DEBUG in __init__: /api/coupons/<code> -> methods=['OPTIONS', 'PUT']
[2025-11-23 13:08:56,298] DEBUG in __init__: /api/coupons/<code> -> methods=['DELETE', 'OPTIONS']
[2025-11-23 13:08:56,299] DEBUG in __init__: /api/orders -> methods=['GET', 'HEAD', 'OPTIONS']
[2025-11-23 13:08:56,299] DEBUG in __init__: /api/orders -> methods=['OPTIONS', 'POST']
[2025-11-23 13:08:56,299] DEBUG in __init__: /api/orders/<int:order_id> -> methods=['OPTIONS', 'PUT']
[2025-11-23 13:08:56,300] DEBUG in __init__: /api/orders/<int:order_id> -> methods=['DELETE', 'OPTIONS']
[2025-11-23 13:08:56,300] DEBUG in __init__: /offers -> methods=['GET', 'HEAD', 'OPTIONS']
[2025-11-23 13:08:56,301] DEBUG in __init__: / -> methods=['GET', 'HEAD', 'OPTIONS']
[2025-11-23 13:08:56,301] DEBUG in __init__: /men -> methods=['GET', 'HEAD', 'OPTIONS']
[2025-11-23 13:08:56,301] DEBUG in __init__: /women -> methods=['GET', 'HEAD', 'OPTIONS']
[2025-11-23 13:08:56,302] DEBUG in __init__: /beauty -> methods=['GET', 'HEAD', 'OPTIONS']
[2025-11-23 13:08:56,302] DEBUG in __init__: /login -> methods=['GET', 'HEAD', 'OPTIONS']
[2025-11-23 13:08:56,302] DEBUG in __init__: /signup -> methods=['GET', 'HEAD', 'OPTIONS']
[2025-11-23 13:08:56,302] DEBUG in __init__: /brand/<brand> -> methods=['GET', 'HEAD', 'OPTIONS']
[2025-11-23 13:08:56,303] DEBUG in __init__: /brand/<brand>/product/<product> -> methods=['GET', 'HEAD', 'OPTIONS']
[2025-11-23 13:08:56,303] DEBUG in __init__: /story/<slug> -> methods=['GET', 'HEAD', 'OPTIONS']
[2025-11-23 13:08:56,303] DEBUG in __init__: /stories -> methods=['GET', 'HEAD', 'OPTIONS']
[2025-11-23 13:08:56,304] DEBUG in __init__: /history -> methods=['GET', 'HEAD', 'OPTIONS']
[2025-11-23 13:08:56,304] DEBUG in __init__: /about -> methods=['GET', 'HEAD', 'OPTIONS']
[2025-11-23 13:08:56,304] DEBUG in __init__: /favicon.ico -> methods=['GET', 'HEAD', 'OPTIONS']
[2025-11-23 13:08:56,305] DEBUG in __init__: /api/settings/checkout_discount -> methods=['GET', 'HEAD', 'OPTIONS']
[2025-11-23 13:08:56,305] DEBUG in __init__: /api/settings/checkout_discount -> methods=['OPTIONS', 'PUT']
[2025-11-23 13:08:56,305] DEBUG in __init__: /api/settings/price_comparison -> methods=['GET', 'HEAD', 'OPTIONS']
[2025-11-23 13:08:56,306] DEBUG in __init__: /api/settings/price_comparison -> methods=['OPTIONS', 'PUT']
[2025-11-23 13:08:56,306] DEBUG in __init__: /api/settings/price_comparison/push -> methods=['OPTIONS', 'POST']
[2025-11-23 13:08:56,307] DEBUG in __init__: /api/top-picks -> methods=['GET', 'HEAD', 'OPTIONS']
[2025-11-23 13:08:56,307] DEBUG in __init__: /api/top-picks -> methods=['OPTIONS', 'POST']
[2025-11-23 13:08:56,308] DEBUG in __init__: /api/top-picks/<tp_id> -> methods=['GET', 'HEAD', 'OPTIONS']
[2025-11-23 13:08:56,308] DEBUG in __init__: /api/top-picks/<tp_id> -> methods=['OPTIONS', 'PUT']
[2025-11-23 13:08:56,308] DEBUG in __init__: /api/top-picks/<tp_id> -> methods=['DELETE', 'OPTIONS']
[2025-11-23 13:08:56,309] DEBUG in __init__: /api/top-picks/<tp_id>/push -> methods=['OPTIONS', 'POST']
[2025-11-23 13:08:56,309] DEBUG in __init__: /content-api/pages/<slug> -> methods=['GET', 'HEAD', 'OPTIONS']
[2025-11-23 13:08:56,309] DEBUG in __init__: /content-api/stories -> methods=['GET', 'HEAD', 'OPTIONS']
[2025-11-23 13:08:56,310] DEBUG in __init__: /content-api/stories/<slug> -> methods=['GET', 'HEAD', 'OPTIONS']
[2025-11-23 13:08:56,310] DEBUG in __init__: /content-api/admin/stories -> methods=['GET', 'HEAD', 'OPTIONS']
[2025-11-23 13:08:56,310] DEBUG in __init__: /content-api/admin/stories -> methods=['OPTIONS', 'POST']
[2025-11-23 13:08:56,311] DEBUG in __init__: /content-api/admin/stories/<int:story_id> -> methods=['OPTIONS', 'PUT']
[2025-11-23 13:08:56,311] DEBUG in __init__: /content-api/admin/stories/<int:story_id> -> methods=['DELETE', 'OPTIONS']
[2025-11-23 13:08:56,311] DEBUG in __init__: /content-api/admin/stories/<int:story_id>/publish -> methods=['OPTIONS', 'POST']
[2025-11-23 13:08:56,312] DEBUG in __init__: /content-api/admin/stories/reorder -> methods=['OPTIONS', 'POST']
[2025-11-23 13:08:56,312] DEBUG in __init__: /content-api/admin/upload-image -> methods=['OPTIONS', 'POST']
[2025-11-23 13:08:56,312] DEBUG in __init__: /content-api/admin -> methods=['GET', 'HEAD', 'OPTIONS']
[2025-11-23 13:08:56,313] DEBUG in __init__: /content-admin -> methods=['GET', 'HEAD', 'OPTIONS']
[2025-11-23 13:08:56,313] DEBUG in __init__: /api/search -> methods=['GET', 'HEAD', 'OPTIONS']
[2025-11-23 13:08:56,313] DEBUG in __init__: /price-comparison/<product_id> -> methods=['GET', 'HEAD', 'OPTIONS']
[2025-11-23 13:08:56,314] DEBUG in __init__: /price-comparison -> methods=['GET', 'HEAD', 'OPTIONS']
[2025-11-23 13:08:56,314] DEBUG in __init__: /api/price-compare -> methods=['GET', 'HEAD', 'OPTIONS']
[2025-11-23 13:08:56,315] DEBUG in __init__: /paypal/client-config -> methods=['GET', 'HEAD', 'OPTIONS']
[2025-11-23 13:08:56,315] DEBUG in __init__: /paypal/create-paypal-order -> methods=['OPTIONS', 'POST']
[2025-11-23 13:08:56,315] DEBUG in __init__: /paypal/capture-paypal-order -> methods=['OPTIONS', 'POST']
[2025-11-23 13:08:56,316] DEBUG in __init__: /paypal/return -> methods=['GET', 'HEAD', 'OPTIONS']
[2025-11-23 13:08:56,316] DEBUG in __init__: /paypal/cancel -> methods=['GET', 'HEAD', 'OPTIONS']
[2025-11-23 13:08:56,316] DEBUG in __init__: /paypal/webhook -> methods=['OPTIONS', 'POST']
[2025-11-23 13:08:56,317] DEBUG in __init__: /payments-admin/ -> methods=['GET', 'HEAD', 'OPTIONS']
[2025-11-23 13:08:56,317] DEBUG in __init__: /payments-admin/manage-users -> methods=['GET', 'HEAD', 'OPTIONS']
[2025-11-23 13:08:56,317] DEBUG in __init__: /payments-admin/api/manage-users -> methods=['GET', 'HEAD', 'OPTIONS']
[2025-11-23 13:08:56,317] DEBUG in __init__: /payments-admin/api/manage-users -> methods=['OPTIONS', 'POST']
[2025-11-23 13:08:56,318] DEBUG in __init__: /payments-admin/api/payments -> methods=['GET', 'HEAD', 'OPTIONS']
[2025-11-23 13:08:56,318] DEBUG in __init__: /payments-admin/api/payments/<int:payment_id> -> methods=['GET', 'HEAD', 'OPTIONS']
[2025-11-23 13:08:56,318] DEBUG in __init__: /payments-admin/api/payments/<int:payment_id>/refund -> methods=['OPTIONS', 'POST']
 * Debugger is active!
 * Debugger PIN: 114-432-475
